<?xml version="1.0" encoding="UTF-8"?>
<testng-results skipped="0" failed="0" ignored="0" total="1" passed="1">
  <reporter-output>
  </reporter-output>
  <suite name="Default suite" duration-ms="122439" started-at="2019-06-22T10:45:04Z" finished-at="2019-06-22T10:47:07Z">
    <groups>
    </groups>
    <test name="Default test" duration-ms="122439" started-at="2019-06-22T10:45:04Z" finished-at="2019-06-22T10:47:07Z">
      <class name="AmazonTestCases.TC_008_giftCard">
        <test-method status="PASS" signature="giftcard()[pri:0, instance:AmazonTestCases.TC_008_giftCard@6acdbdf5]" name="giftcard" duration-ms="122393" started-at="2019-06-22T10:45:04Z" finished-at="2019-06-22T10:47:06Z">
          <reporter-output>
          </reporter-output>
        </test-method> <!-- giftcard -->
      </class> <!-- AmazonTestCases.TC_008_giftCard -->
    </test> <!-- Default test -->
  </suite> <!-- Default suite -->
</testng-results>
